Jan-04 17:45:22.568 [main] DEBUG nextflow.cli.Launcher - $> nextflow run main.nf
Jan-04 17:45:22.769 [main] DEBUG nextflow.cli.CmdRun - N E X T F L O W  ~  version 25.10.2
Jan-04 17:45:22.803 [main] DEBUG nextflow.plugin.PluginsFacade - Setting up plugin manager > mode=prod; embedded=false; plugins-dir=/home/shubh/.nextflow/plugins; core-plugins: nf-amazon@3.4.2,nf-azure@1.20.2,nf-cloudcache@0.5.0,nf-codecommit@0.5.0,nf-console@1.3.0,nf-google@1.23.3,nf-k8s@1.2.2,nf-tower@1.17.3,nf-wave@1.16.1
Jan-04 17:45:22.845 [main] INFO  o.pf4j.DefaultPluginStatusProvider - Enabled plugins: []
Jan-04 17:45:22.849 [main] INFO  o.pf4j.DefaultPluginStatusProvider - Disabled plugins: []
Jan-04 17:45:22.854 [main] INFO  org.pf4j.DefaultPluginManager - PF4J version 3.12.0 in 'deployment' mode
Jan-04 17:45:22.920 [main] DEBUG nextflow.util.RetryConfig - Missing nextflow session - using default retry config
Jan-04 17:45:23.120 [main] INFO  org.pf4j.AbstractPluginManager - No plugins
Jan-04 17:45:23.182 [main] DEBUG nextflow.config.ConfigBuilder - Found config local: /mnt/d/automated_pipeline_development/nextflow.config
Jan-04 17:45:23.189 [main] DEBUG nextflow.config.ConfigBuilder - Parsing config file: /mnt/d/automated_pipeline_development/nextflow.config
Jan-04 17:45:23.237 [main] DEBUG nextflow.config.ConfigBuilder - Applying config profile: `standard`
Jan-04 17:45:23.718 [main] DEBUG nextflow.plugin.PluginsFacade - Plugins default=[]
Jan-04 17:45:23.720 [main] DEBUG nextflow.plugin.PluginsFacade - Plugins resolved requirement=[]
Jan-04 17:45:23.739 [main] DEBUG n.secret.LocalSecretsProvider - Secrets store: /home/shubh/.nextflow/secrets/store.json
Jan-04 17:45:23.744 [main] DEBUG nextflow.secret.SecretsLoader - Discovered secrets providers: [nextflow.secret.LocalSecretsProvider@7fb48179] - activable => nextflow.secret.LocalSecretsProvider@7fb48179
Jan-04 17:45:23.762 [main] DEBUG nextflow.cli.CmdRun - Applied DSL=2 from script declaration
Jan-04 17:45:23.778 [main] DEBUG nextflow.cli.CmdRun - Launching `main.nf` [astonishing_lorenz] DSL2 - revision: 7e3852da3e
Jan-04 17:45:23.843 [main] DEBUG nextflow.Session - Session UUID: bcfb18ce-46dc-4618-aa55-626b15121190
Jan-04 17:45:23.844 [main] DEBUG nextflow.Session - Run name: astonishing_lorenz
Jan-04 17:45:23.845 [main] DEBUG nextflow.Session - Executor pool size: 12
Jan-04 17:45:23.858 [main] DEBUG nextflow.file.FilePorter - File porter settings maxRetries=3; maxTransfers=50; pollTimeout=null
Jan-04 17:45:23.869 [main] DEBUG nextflow.util.ThreadPoolBuilder - Creating thread pool 'FileTransfer' minSize=10; maxSize=36; workQueue=LinkedBlockingQueue[-1]; allowCoreThreadTimeout=false
Jan-04 17:45:23.893 [main] DEBUG nextflow.cli.CmdRun - 
  Version: 25.10.2 build 10555
  Created: 28-11-2025 19:24 UTC 
  System: Linux 6.6.87.2-microsoft-standard-WSL2
  Runtime: Groovy 4.0.28 on OpenJDK 64-Bit Server VM 21.0.9+10-Ubuntu-124.04
  Encoding: UTF-8 (UTF-8)
  Process: 3649@Hp [127.0.1.1]
  CPUs: 12 - Mem: 7.6 GB (6.7 GB) - Swap: 2 GB (2 GB)
Jan-04 17:45:23.941 [main] DEBUG nextflow.Session - Work-dir: /mnt/d/automated_pipeline_development/work [v9fs]
Jan-04 17:45:23.942 [main] DEBUG nextflow.Session - Script base path does not exist or is not a directory: /mnt/d/automated_pipeline_development/bin
Jan-04 17:45:23.954 [main] DEBUG nextflow.executor.ExecutorFactory - Extension executors providers=[]
Jan-04 17:45:23.968 [main] DEBUG nextflow.Session - Observer factory (v2): LinObserverFactory
Jan-04 17:45:23.973 [main] DEBUG nextflow.Session - Observer factory (v2): DefaultObserverFactory
Jan-04 17:45:24.046 [main] DEBUG nextflow.cache.CacheFactory - Using Nextflow cache factory: nextflow.cache.DefaultCacheFactory
Jan-04 17:45:24.063 [main] DEBUG nextflow.util.CustomThreadPool - Creating default thread pool > poolSize: 13; maxThreads: 1000
Jan-04 17:45:24.275 [main] DEBUG nextflow.Session - Session start
Jan-04 17:45:24.535 [main] DEBUG nextflow.script.ScriptRunner - > Launching execution
Jan-04 17:45:25.054 [main] DEBUG nextflow.executor.ExecutorFactory - << taskConfig executor: null
Jan-04 17:45:25.055 [main] DEBUG nextflow.executor.ExecutorFactory - >> processorType: 'local'
Jan-04 17:45:25.068 [main] DEBUG nextflow.executor.Executor - [warm up] executor > local
Jan-04 17:45:25.080 [main] DEBUG n.processor.LocalPollingMonitor - Creating local task monitor for executor 'local' > cpus=12; memory=7.6 GB; capacity=12; pollInterval=100ms; dumpInterval=5m
Jan-04 17:45:25.085 [main] DEBUG n.processor.TaskPollingMonitor - >>> barrier register (monitor: local)
Jan-04 17:45:25.116 [main] DEBUG nextflow.processor.TaskProcessor - Creating process 'FASTQC': maxForks=0; fair=false; array=0
Jan-04 17:45:25.170 [main] DEBUG nextflow.executor.ExecutorFactory - << taskConfig executor: null
Jan-04 17:45:25.170 [main] DEBUG nextflow.executor.ExecutorFactory - >> processorType: 'local'
Jan-04 17:45:25.172 [main] DEBUG nextflow.processor.TaskProcessor - Creating process 'CUTADAPT_PE': maxForks=0; fair=false; array=0
Jan-04 17:45:25.178 [main] DEBUG nextflow.Session - Workflow process names [dsl2]: FASTQC, CUTADAPT_PE
Jan-04 17:45:25.181 [main] DEBUG nextflow.Session - Igniting dataflow network (3)
Jan-04 17:45:25.188 [PathVisitor-1] DEBUG nextflow.file.PathVisitor - files for syntax: glob; folder: data/; pattern: *_R{1,2}.fastq.gz; options: [checkIfExists:true]
Jan-04 17:45:25.189 [main] DEBUG nextflow.processor.TaskProcessor - Starting process > FASTQC
Jan-04 17:45:25.193 [main] DEBUG nextflow.processor.TaskProcessor - Starting process > CUTADAPT_PE
Jan-04 17:45:25.195 [main] DEBUG nextflow.script.ScriptRunner - Parsed script files:
  Script_392c753a83d93790: /mnt/d/automated_pipeline_development/modules/cutadapt_pe.nf
  Script_e1583bb5ebf9d2cd: /mnt/d/automated_pipeline_development/modules/fastqc.nf
  Script_ab876e49ef558c19: /mnt/d/automated_pipeline_development/main.nf
Jan-04 17:45:25.199 [main] DEBUG nextflow.script.ScriptRunner - > Awaiting termination 
Jan-04 17:45:25.199 [main] DEBUG nextflow.Session - Session await
Jan-04 17:45:25.682 [Task submitter] DEBUG n.executor.local.LocalTaskHandler - Launch cmd line: /bin/bash -ue .command.run
Jan-04 17:45:25.689 [Task submitter] INFO  nextflow.Session - [8e/c6e70f] Submitted process > CUTADAPT_PE (sample)
Jan-04 17:45:25.734 [Task submitter] DEBUG n.executor.local.LocalTaskHandler - Launch cmd line: /bin/bash -ue .command.run
Jan-04 17:45:25.736 [Task submitter] INFO  nextflow.Session - [f4/07a5bd] Submitted process > FASTQC (sample)
Jan-04 17:45:26.340 [Task monitor] DEBUG n.processor.TaskPollingMonitor - Task completed > TaskHandler[id: 1; name: CUTADAPT_PE (sample); status: COMPLETED; exit: 0; error: -; workDir: /mnt/d/automated_pipeline_development/work/8e/c6e70f7d235b71d80ecf773d64b072]
Jan-04 17:45:26.344 [Task monitor] DEBUG nextflow.util.ThreadPoolBuilder - Creating thread pool 'TaskFinalizer' minSize=10; maxSize=36; workQueue=LinkedBlockingQueue[-1]; allowCoreThreadTimeout=false
Jan-04 17:45:26.474 [TaskFinalizer-1] DEBUG nextflow.util.ThreadPoolBuilder - Creating thread pool 'PublishDir' minSize=10; maxSize=36; workQueue=LinkedBlockingQueue[-1]; allowCoreThreadTimeout=false
Jan-04 17:45:32.496 [Task monitor] DEBUG n.processor.TaskPollingMonitor - Task completed > TaskHandler[id: 2; name: FASTQC (sample); status: COMPLETED; exit: 0; error: -; workDir: /mnt/d/automated_pipeline_development/work/f4/07a5bdf1db6b868321ee1ad79c536d]
Jan-04 17:45:32.823 [main] DEBUG nextflow.Session - Session await > all processes finished
Jan-04 17:45:32.905 [Task monitor] DEBUG n.processor.TaskPollingMonitor - <<< barrier arrives (monitor: local) - terminating tasks monitor poll loop
Jan-04 17:45:32.907 [main] DEBUG nextflow.Session - Session await > all barriers passed
Jan-04 17:45:32.916 [main] DEBUG nextflow.util.ThreadPoolManager - Thread pool 'TaskFinalizer' shutdown completed (hard=false)
Jan-04 17:45:33.035 [main] DEBUG nextflow.util.ThreadPoolManager - Thread pool 'PublishDir' shutdown completed (hard=false)
Jan-04 17:45:33.054 [main] DEBUG n.trace.WorkflowStatsObserver - Workflow completed > WorkflowStats[succeededCount=2; failedCount=0; ignoredCount=0; cachedCount=0; pendingCount=0; submittedCount=0; runningCount=0; retriesCount=0; abortedCount=0; succeedDuration=7.2s; failedDuration=0ms; cachedDuration=0ms;loadCpus=0; loadMemory=0; peakRunning=2; peakCpus=2; peakMemory=0; ]
Jan-04 17:45:33.183 [main] DEBUG nextflow.cache.CacheDB - Closing CacheDB done
Jan-04 17:45:33.241 [main] DEBUG nextflow.util.ThreadPoolManager - Thread pool 'FileTransfer' shutdown completed (hard=false)
Jan-04 17:45:33.243 [main] DEBUG nextflow.script.ScriptRunner - > Execution complete -- Goodbye
